2026-05-12 00:25:29 | INFO    | api.py:15 | 正在请求圈子detail接口
2026-05-12 00:25:31 | INFO    | api.py:17 | 成功获取圈子帖子列表
2026-05-12 00:26:06 | INFO    | ai_client.py:117 | 发现偏离评论：11481399001
2026-05-12 00:26:06 | INFO    | ai_client.py:118 | 自动引导：请围绕ai发展进行讨论，避免无关话题
2026-05-12 00:26:06 | INFO    | ai_client.py:126 | 评论发送完成：{'status': 0, 'msg': 'success', 'data': {'comment_id': 11481658927}}
2026-05-12 00:26:56 | ERROR   | ai_client.py:128 | JSON 解析失败
Traceback (most recent call last):
  File "/Users/kemaomao/Documents/zhihu_circle_monitor/server/ai_client.py", line 107, in analyze_zhihu_posts_stream
    ai_result = json.loads(ai_json_buffer)
  File "/Users/kemaomao/.local/share/uv/python/cpython-3.14.4-macos-aarch64-none/lib/python3.14/json/__init__.py", line 352, in loads
    return _default_decoder.decode(s)
           ~~~~~~~~~~~~~~~~~~~~~~~^^^
  File "/Users/kemaomao/.local/share/uv/python/cpython-3.14.4-macos-aarch64-none/lib/python3.14/json/decoder.py", line 345, in decode
    obj, end = self.raw_decode(s, idx=_w(s, 0).end())
               ~~~~~~~~~~~~~~~^^^^^^^^^^^^^^^^^^^^^^^
  File "/Users/kemaomao/.local/share/uv/python/cpython-3.14.4-macos-aarch64-none/lib/python3.14/json/decoder.py", line 361, in raw_decode
    obj, end = self.scan_once(s, idx)
               ~~~~~~~~~~~~~~^^^^^^^^
json.decoder.JSONDecodeError: Unterminated string starting at: line 22 column 31 (char 673)
2026-05-12 00:26:56 | ERROR   | ai_client.py:128 | JSON 解析失败
Traceback (most recent call last):
  File "/Users/kemaomao/Documents/zhihu_circle_monitor/server/ai_client.py", line 107, in analyze_zhihu_posts_stream
    ai_result = json.loads(ai_json_buffer)
  File "/Users/kemaomao/.local/share/uv/python/cpython-3.14.4-macos-aarch64-none/lib/python3.14/json/__init__.py", line 352, in loads
    return _default_decoder.decode(s)
           ~~~~~~~~~~~~~~~~~~~~~~~^^^
  File "/Users/kemaomao/.local/share/uv/python/cpython-3.14.4-macos-aarch64-none/lib/python3.14/json/decoder.py", line 345, in decode
    obj, end = self.raw_decode(s, idx=_w(s, 0).end())
               ~~~~~~~~~~~~~~~^^^^^^^^^^^^^^^^^^^^^^^
  File "/Users/kemaomao/.local/share/uv/python/cpython-3.14.4-macos-aarch64-none/lib/python3.14/json/decoder.py", line 363, in raw_decode
    raise JSONDecodeError("Expecting value", s, err.value) from None
json.decoder.JSONDecodeError: Expecting value: line 1 column 1 (char 0)
2026-05-12 00:26:56 | ERROR   | ai_client.py:128 | JSON 解析失败
Traceback (most recent call last):
  File "/Users/kemaomao/Documents/zhihu_circle_monitor/server/ai_client.py", line 107, in analyze_zhihu_posts_stream
    ai_result = json.loads(ai_json_buffer)
  File "/Users/kemaomao/.local/share/uv/python/cpython-3.14.4-macos-aarch64-none/lib/python3.14/json/__init__.py", line 352, in loads
    return _default_decoder.decode(s)
           ~~~~~~~~~~~~~~~~~~~~~~~^^^
  File "/Users/kemaomao/.local/share/uv/python/cpython-3.14.4-macos-aarch64-none/lib/python3.14/json/decoder.py", line 345, in decode
    obj, end = self.raw_decode(s, idx=_w(s, 0).end())
               ~~~~~~~~~~~~~~~^^^^^^^^^^^^^^^^^^^^^^^
  File "/Users/kemaomao/.local/share/uv/python/cpython-3.14.4-macos-aarch64-none/lib/python3.14/json/decoder.py", line 363, in raw_decode
    raise JSONDecodeError("Expecting value", s, err.value) from None
json.decoder.JSONDecodeError: Expecting value: line 1 column 1 (char 0)
2026-05-12 00:26:56 | ERROR   | ai_client.py:128 | JSON 解析失败
Traceback (most recent call last):
  File "/Users/kemaomao/Documents/zhihu_circle_monitor/server/ai_client.py", line 107, in analyze_zhihu_posts_stream
    ai_result = json.loads(ai_json_buffer)
  File "/Users/kemaomao/.local/share/uv/python/cpython-3.14.4-macos-aarch64-none/lib/python3.14/json/__init__.py", line 352, in loads
    return _default_decoder.decode(s)
           ~~~~~~~~~~~~~~~~~~~~~~~^^^
  File "/Users/kemaomao/.local/share/uv/python/cpython-3.14.4-macos-aarch64-none/lib/python3.14/json/decoder.py", line 345, in decode
    obj, end = self.raw_decode(s, idx=_w(s, 0).end())
               ~~~~~~~~~~~~~~~^^^^^^^^^^^^^^^^^^^^^^^
  File "/Users/kemaomao/.local/share/uv/python/cpython-3.14.4-macos-aarch64-none/lib/python3.14/json/decoder.py", line 363, in raw_decode
    raise JSONDecodeError("Expecting value", s, err.value) from None
json.decoder.JSONDecodeError: Expecting value: line 1 column 1 (char 0)
2026-05-12 00:31:56 | INFO    | api.py:15 | 正在请求圈子detail接口
2026-05-12 00:31:58 | INFO    | api.py:17 | 成功获取圈子帖子列表
2026-05-12 00:32:02 | ERROR   | ai_client.py:128 | JSON 解析失败
Traceback (most recent call last):
  File "/Users/kemaomao/Documents/zhihu_circle_monitor/server/ai_client.py", line 107, in analyze_zhihu_posts_stream
    ai_result = json.loads(ai_json_buffer)
  File "/Users/kemaomao/.local/share/uv/python/cpython-3.14.4-macos-aarch64-none/lib/python3.14/json/__init__.py", line 352, in loads
    return _default_decoder.decode(s)
           ~~~~~~~~~~~~~~~~~~~~~~~^^^
  File "/Users/kemaomao/.local/share/uv/python/cpython-3.14.4-macos-aarch64-none/lib/python3.14/json/decoder.py", line 345, in decode
    obj, end = self.raw_decode(s, idx=_w(s, 0).end())
               ~~~~~~~~~~~~~~~^^^^^^^^^^^^^^^^^^^^^^^
  File "/Users/kemaomao/.local/share/uv/python/cpython-3.14.4-macos-aarch64-none/lib/python3.14/json/decoder.py", line 363, in raw_decode
    raise JSONDecodeError("Expecting value", s, err.value) from None
json.decoder.JSONDecodeError: Expecting value: line 1 column 1 (char 0)
2026-05-12 00:32:02 | ERROR   | ai_client.py:128 | JSON 解析失败
Traceback (most recent call last):
  File "/Users/kemaomao/Documents/zhihu_circle_monitor/server/ai_client.py", line 107, in analyze_zhihu_posts_stream
    ai_result = json.loads(ai_json_buffer)
  File "/Users/kemaomao/.local/share/uv/python/cpython-3.14.4-macos-aarch64-none/lib/python3.14/json/__init__.py", line 352, in loads
    return _default_decoder.decode(s)
           ~~~~~~~~~~~~~~~~~~~~~~~^^^
  File "/Users/kemaomao/.local/share/uv/python/cpython-3.14.4-macos-aarch64-none/lib/python3.14/json/decoder.py", line 345, in decode
    obj, end = self.raw_decode(s, idx=_w(s, 0).end())
               ~~~~~~~~~~~~~~~^^^^^^^^^^^^^^^^^^^^^^^
  File "/Users/kemaomao/.local/share/uv/python/cpython-3.14.4-macos-aarch64-none/lib/python3.14/json/decoder.py", line 363, in raw_decode
    raise JSONDecodeError("Expecting value", s, err.value) from None
json.decoder.JSONDecodeError: Expecting value: line 1 column 1 (char 0)
2026-05-12 00:32:02 | ERROR   | ai_client.py:128 | JSON 解析失败
Traceback (most recent call last):
  File "/Users/kemaomao/Documents/zhihu_circle_monitor/server/ai_client.py", line 107, in analyze_zhihu_posts_stream
    ai_result = json.loads(ai_json_buffer)
  File "/Users/kemaomao/.local/share/uv/python/cpython-3.14.4-macos-aarch64-none/lib/python3.14/json/__init__.py", line 352, in loads
    return _default_decoder.decode(s)
           ~~~~~~~~~~~~~~~~~~~~~~~^^^
  File "/Users/kemaomao/.local/share/uv/python/cpython-3.14.4-macos-aarch64-none/lib/python3.14/json/decoder.py", line 345, in decode
    obj, end = self.raw_decode(s, idx=_w(s, 0).end())
               ~~~~~~~~~~~~~~~^^^^^^^^^^^^^^^^^^^^^^^
  File "/Users/kemaomao/.local/share/uv/python/cpython-3.14.4-macos-aarch64-none/lib/python3.14/json/decoder.py", line 363, in raw_decode
    raise JSONDecodeError("Expecting value", s, err.value) from None
json.decoder.JSONDecodeError: Expecting value: line 1 column 1 (char 0)
2026-05-12 00:32:02 | ERROR   | ai_client.py:128 | JSON 解析失败
Traceback (most recent call last):
  File "/Users/kemaomao/Documents/zhihu_circle_monitor/server/ai_client.py", line 107, in analyze_zhihu_posts_stream
    ai_result = json.loads(ai_json_buffer)
  File "/Users/kemaomao/.local/share/uv/python/cpython-3.14.4-macos-aarch64-none/lib/python3.14/json/__init__.py", line 352, in loads
    return _default_decoder.decode(s)
           ~~~~~~~~~~~~~~~~~~~~~~~^^^
  File "/Users/kemaomao/.local/share/uv/python/cpython-3.14.4-macos-aarch64-none/lib/python3.14/json/decoder.py", line 345, in decode
    obj, end = self.raw_decode(s, idx=_w(s, 0).end())
               ~~~~~~~~~~~~~~~^^^^^^^^^^^^^^^^^^^^^^^
  File "/Users/kemaomao/.local/share/uv/python/cpython-3.14.4-macos-aarch64-none/lib/python3.14/json/decoder.py", line 363, in raw_decode
    raise JSONDecodeError("Expecting value", s, err.value) from None
json.decoder.JSONDecodeError: Expecting value: line 1 column 1 (char 0)
2026-05-12 00:32:02 | ERROR   | ai_client.py:128 | JSON 解析失败
Traceback (most recent call last):
  File "/Users/kemaomao/Documents/zhihu_circle_monitor/server/ai_client.py", line 107, in analyze_zhihu_posts_stream
    ai_result = json.loads(ai_json_buffer)
  File "/Users/kemaomao/.local/share/uv/python/cpython-3.14.4-macos-aarch64-none/lib/python3.14/json/__init__.py", line 352, in loads
    return _default_decoder.decode(s)
           ~~~~~~~~~~~~~~~~~~~~~~~^^^
  File "/Users/kemaomao/.local/share/uv/python/cpython-3.14.4-macos-aarch64-none/lib/python3.14/json/decoder.py", line 345, in decode
    obj, end = self.raw_decode(s, idx=_w(s, 0).end())
               ~~~~~~~~~~~~~~~^^^^^^^^^^^^^^^^^^^^^^^
  File "/Users/kemaomao/.local/share/uv/python/cpython-3.14.4-macos-aarch64-none/lib/python3.14/json/decoder.py", line 363, in raw_decode
    raise JSONDecodeError("Expecting value", s, err.value) from None
json.decoder.JSONDecodeError: Expecting value: line 1 column 1 (char 0)
2026-05-12 00:34:04 | INFO    | api.py:15 | 正在请求圈子detail接口
2026-05-12 00:34:05 | INFO    | api.py:17 | 成功获取圈子帖子列表
2026-05-12 00:34:36 | ERROR   | ai_client.py:128 | JSON 解析失败
Traceback (most recent call last):
  File "/Users/kemaomao/Documents/zhihu_circle_monitor/server/ai_client.py", line 107, in analyze_zhihu_posts_stream
    ai_result = json.loads(ai_json_buffer)
  File "/Users/kemaomao/.local/share/uv/python/cpython-3.14.4-macos-aarch64-none/lib/python3.14/json/__init__.py", line 352, in loads
    return _default_decoder.decode(s)
           ~~~~~~~~~~~~~~~~~~~~~~~^^^
  File "/Users/kemaomao/.local/share/uv/python/cpython-3.14.4-macos-aarch64-none/lib/python3.14/json/decoder.py", line 345, in decode
    obj, end = self.raw_decode(s, idx=_w(s, 0).end())
               ~~~~~~~~~~~~~~~^^^^^^^^^^^^^^^^^^^^^^^
  File "/Users/kemaomao/.local/share/uv/python/cpython-3.14.4-macos-aarch64-none/lib/python3.14/json/decoder.py", line 361, in raw_decode
    obj, end = self.scan_once(s, idx)
               ~~~~~~~~~~~~~~^^^^^^^^
json.decoder.JSONDecodeError: Unterminated string starting at: line 18 column 17 (char 559)
2026-05-12 00:34:36 | ERROR   | ai_client.py:128 | JSON 解析失败
Traceback (most recent call last):
  File "/Users/kemaomao/Documents/zhihu_circle_monitor/server/ai_client.py", line 107, in analyze_zhihu_posts_stream
    ai_result = json.loads(ai_json_buffer)
  File "/Users/kemaomao/.local/share/uv/python/cpython-3.14.4-macos-aarch64-none/lib/python3.14/json/__init__.py", line 352, in loads
    return _default_decoder.decode(s)
           ~~~~~~~~~~~~~~~~~~~~~~~^^^
  File "/Users/kemaomao/.local/share/uv/python/cpython-3.14.4-macos-aarch64-none/lib/python3.14/json/decoder.py", line 345, in decode
    obj, end = self.raw_decode(s, idx=_w(s, 0).end())
               ~~~~~~~~~~~~~~~^^^^^^^^^^^^^^^^^^^^^^^
  File "/Users/kemaomao/.local/share/uv/python/cpython-3.14.4-macos-aarch64-none/lib/python3.14/json/decoder.py", line 363, in raw_decode
    raise JSONDecodeError("Expecting value", s, err.value) from None
json.decoder.JSONDecodeError: Expecting value: line 1 column 1 (char 0)
2026-05-12 00:34:36 | ERROR   | ai_client.py:128 | JSON 解析失败
Traceback (most recent call last):
  File "/Users/kemaomao/Documents/zhihu_circle_monitor/server/ai_client.py", line 107, in analyze_zhihu_posts_stream
    ai_result = json.loads(ai_json_buffer)
  File "/Users/kemaomao/.local/share/uv/python/cpython-3.14.4-macos-aarch64-none/lib/python3.14/json/__init__.py", line 352, in loads
    return _default_decoder.decode(s)
           ~~~~~~~~~~~~~~~~~~~~~~~^^^
  File "/Users/kemaomao/.local/share/uv/python/cpython-3.14.4-macos-aarch64-none/lib/python3.14/json/decoder.py", line 345, in decode
    obj, end = self.raw_decode(s, idx=_w(s, 0).end())
               ~~~~~~~~~~~~~~~^^^^^^^^^^^^^^^^^^^^^^^
  File "/Users/kemaomao/.local/share/uv/python/cpython-3.14.4-macos-aarch64-none/lib/python3.14/json/decoder.py", line 363, in raw_decode
    raise JSONDecodeError("Expecting value", s, err.value) from None
json.decoder.JSONDecodeError: Expecting value: line 1 column 1 (char 0)
2026-05-12 00:34:36 | ERROR   | ai_client.py:128 | JSON 解析失败
Traceback (most recent call last):
  File "/Users/kemaomao/Documents/zhihu_circle_monitor/server/ai_client.py", line 107, in analyze_zhihu_posts_stream
    ai_result = json.loads(ai_json_buffer)
  File "/Users/kemaomao/.local/share/uv/python/cpython-3.14.4-macos-aarch64-none/lib/python3.14/json/__init__.py", line 352, in loads
    return _default_decoder.decode(s)
           ~~~~~~~~~~~~~~~~~~~~~~~^^^
  File "/Users/kemaomao/.local/share/uv/python/cpython-3.14.4-macos-aarch64-none/lib/python3.14/json/decoder.py", line 345, in decode
    obj, end = self.raw_decode(s, idx=_w(s, 0).end())
               ~~~~~~~~~~~~~~~^^^^^^^^^^^^^^^^^^^^^^^
  File "/Users/kemaomao/.local/share/uv/python/cpython-3.14.4-macos-aarch64-none/lib/python3.14/json/decoder.py", line 363, in raw_decode
    raise JSONDecodeError("Expecting value", s, err.value) from None
json.decoder.JSONDecodeError: Expecting value: line 1 column 1 (char 0)
2026-05-12 00:34:36 | ERROR   | ai_client.py:128 | JSON 解析失败
Traceback (most recent call last):
  File "/Users/kemaomao/Documents/zhihu_circle_monitor/server/ai_client.py", line 107, in analyze_zhihu_posts_stream
    ai_result = json.loads(ai_json_buffer)
  File "/Users/kemaomao/.local/share/uv/python/cpython-3.14.4-macos-aarch64-none/lib/python3.14/json/__init__.py", line 352, in loads
    return _default_decoder.decode(s)
           ~~~~~~~~~~~~~~~~~~~~~~~^^^
  File "/Users/kemaomao/.local/share/uv/python/cpython-3.14.4-macos-aarch64-none/lib/python3.14/json/decoder.py", line 345, in decode
    obj, end = self.raw_decode(s, idx=_w(s, 0).end())
               ~~~~~~~~~~~~~~~^^^^^^^^^^^^^^^^^^^^^^^
  File "/Users/kemaomao/.local/share/uv/python/cpython-3.14.4-macos-aarch64-none/lib/python3.14/json/decoder.py", line 363, in raw_decode
    raise JSONDecodeError("Expecting value", s, err.value) from None
json.decoder.JSONDecodeError: Expecting value: line 1 column 1 (char 0)
2026-05-12 00:43:12 | INFO    | api.py:15 | 正在请求圈子detail接口
2026-05-12 00:43:14 | INFO    | api.py:17 | 成功获取圈子帖子列表
2026-05-12 00:43:41 | INFO    | ai_client.py:117 | 发现偏离评论：11481399001
2026-05-12 00:43:41 | INFO    | ai_client.py:118 | 自动引导：建议评论者围绕ai发展进行讨论，避免无关话题
2026-05-12 00:43:42 | INFO    | ai_client.py:126 | 评论发送完成：{'status': 0, 'msg': 'success', 'data': {'comment_id': 11481139036}}
2026-05-12 00:47:48 | INFO    | api.py:15 | 正在请求圈子detail接口
2026-05-12 00:47:49 | INFO    | api.py:17 | 成功获取圈子帖子列表
2026-05-12 00:48:23 | INFO    | ai_client.py:117 | 发现偏离评论：11481399001
2026-05-12 00:48:23 | INFO    | ai_client.py:118 | 自动引导：请围绕ai发展进行讨论，避免无关话题
2026-05-12 00:48:24 | INFO    | ai_client.py:126 | 评论发送完成：{'status': 0, 'msg': 'success', 'data': {'comment_id': 11481659238}}
2026-05-12 00:58:51 | INFO    | api.py:15 | 正在请求圈子detail接口
2026-05-12 00:58:51 | INFO    | api.py:17 | 成功获取圈子帖子列表
2026-05-12 00:58:51 | ERROR   | main.py:105 | 处理圈子 test_123 时发生异常: 'NoneType' object is not subscriptable
Traceback (most recent call last):
  File "/Users/kemaomao/Documents/zhihu_circle_monitor/main.py", line 93, in event_stream
    ai_data = extract_for_ai(raw_data)
  File "/Users/kemaomao/Documents/zhihu_circle_monitor/utils/data_extract.py", line 3, in extract_for_ai
    contents = data["data"]["contents"]
               ~~~~~~~~~~~~^^^^^^^^^^^^
TypeError: 'NoneType' object is not subscriptable
2026-05-12 00:59:02 | INFO    | api.py:15 | 正在请求圈子detail接口
2026-05-12 00:59:02 | INFO    | api.py:17 | 成功获取圈子帖子列表
2026-05-12 00:59:02 | ERROR   | main.py:105 | 处理圈子 test_123 时发生异常: 'NoneType' object is not subscriptable
Traceback (most recent call last):
  File "/Users/kemaomao/Documents/zhihu_circle_monitor/main.py", line 93, in event_stream
    ai_data = extract_for_ai(raw_data)
  File "/Users/kemaomao/Documents/zhihu_circle_monitor/utils/data_extract.py", line 3, in extract_for_ai
    contents = data["data"]["contents"]
               ~~~~~~~~~~~~^^^^^^^^^^^^
TypeError: 'NoneType' object is not subscriptable
2026-05-12 00:59:53 | INFO    | api.py:15 | 正在请求圈子detail接口
2026-05-12 00:59:54 | INFO    | api.py:17 | 成功获取圈子帖子列表
2026-05-12 02:09:39 | INFO    | api.py:15 | 正在请求圈子detail接口
2026-05-12 02:09:41 | INFO    | api.py:17 | 成功获取圈子帖子列表
2026-05-12 02:15:32 | INFO    | api.py:15 | 正在请求圈子detail接口
2026-05-12 02:15:33 | INFO    | api.py:17 | 成功获取圈子帖子列表
2026-05-12 02:23:38 | INFO    | api.py:15 | 正在请求圈子detail接口
2026-05-12 02:23:39 | INFO    | api.py:17 | 成功获取圈子帖子列表
2026-05-12 02:26:25 | INFO    | api.py:15 | 正在请求圈子detail接口
2026-05-12 02:26:26 | INFO    | api.py:17 | 成功获取圈子帖子列表
2026-05-12 02:27:04 | INFO    | api.py:15 | 正在请求圈子detail接口
2026-05-12 02:27:05 | INFO    | api.py:17 | 成功获取圈子帖子列表
2026-05-12 02:29:23 | INFO    | api.py:15 | 正在请求圈子detail接口
2026-05-12 02:29:24 | INFO    | api.py:17 | 成功获取圈子帖子列表
2026-05-12 02:33:37 | INFO    | api.py:15 | 正在请求圈子detail接口
2026-05-12 02:33:38 | INFO    | api.py:17 | 成功获取圈子帖子列表
2026-05-12 02:36:56 | INFO    | api.py:15 | 正在请求圈子detail接口
2026-05-12 02:36:57 | INFO    | api.py:17 | 成功获取圈子帖子列表
2026-05-12 02:38:16 | INFO    | api.py:15 | 正在请求圈子detail接口
2026-05-12 02:38:18 | INFO    | api.py:17 | 成功获取圈子帖子列表
2026-05-12 02:39:53 | INFO    | api.py:15 | 正在请求圈子detail接口
2026-05-12 02:39:54 | INFO    | api.py:17 | 成功获取圈子帖子列表
2026-05-12 02:42:04 | INFO    | api.py:15 | 正在请求圈子detail接口
2026-05-12 02:42:06 | INFO    | api.py:17 | 成功获取圈子帖子列表
2026-05-12 02:48:47 | INFO    | api.py:15 | 正在请求圈子detail接口
2026-05-12 02:48:48 | INFO    | api.py:17 | 成功获取圈子帖子列表
2026-05-12 02:52:35 | INFO    | api.py:15 | 正在请求圈子detail接口
2026-05-12 02:52:36 | INFO    | api.py:17 | 成功获取圈子帖子列表
2026-05-12 02:58:32 | INFO    | api.py:15 | 正在请求圈子detail接口
2026-05-12 02:58:33 | INFO    | api.py:17 | 成功获取圈子帖子列表
2026-05-12 03:02:28 | INFO    | api.py:15 | 正在请求圈子detail接口
2026-05-12 03:02:29 | INFO    | api.py:17 | 成功获取圈子帖子列表
2026-05-12 03:12:06 | INFO    | api.py:15 | 正在请求圈子detail接口
2026-05-12 03:12:07 | INFO    | api.py:17 | 成功获取圈子帖子列表
2026-05-12 12:28:46 | INFO    | api.py:15 | 正在请求圈子detail接口
2026-05-12 12:28:48 | INFO    | api.py:17 | 成功获取圈子帖子列表
2026-05-12 12:31:07 | INFO    | api.py:15 | 正在请求圈子detail接口
2026-05-12 12:31:09 | INFO    | api.py:17 | 成功获取圈子帖子列表
2026-05-12 12:33:29 | INFO    | api.py:15 | 正在请求圈子detail接口
2026-05-12 12:33:30 | INFO    | api.py:17 | 成功获取圈子帖子列表
2026-05-12 12:34:30 | INFO    | ai_client.py:127 | 评论发送完成：{'status': 0, 'msg': 'success', 'data': {'comment_id': 11482193758}}
2026-05-12 12:34:31 | INFO    | ai_client.py:127 | 评论发送完成：{'status': 0, 'msg': 'success', 'data': {'comment_id': 11482136897}}
2026-05-12 12:34:32 | INFO    | ai_client.py:127 | 评论发送完成：{'status': 0, 'msg': 'success', 'data': {'comment_id': 11481844473}}
2026-05-12 12:38:40 | INFO    | api.py:15 | 正在请求圈子detail接口
2026-05-12 12:38:41 | INFO    | api.py:17 | 成功获取圈子帖子列表
2026-05-12 12:40:19 | INFO    | api.py:15 | 正在请求圈子detail接口
2026-05-12 12:40:21 | INFO    | api.py:17 | 成功获取圈子帖子列表
2026-05-12 12:57:44 | INFO    | api.py:15 | 正在请求圈子detail接口
2026-05-12 12:57:46 | INFO    | api.py:17 | 成功获取圈子帖子列表
2026-05-12 13:01:14 | INFO    | api.py:15 | 正在请求圈子detail接口
2026-05-12 13:01:15 | INFO    | api.py:17 | 成功获取圈子帖子列表
2026-05-12 13:04:51 | INFO    | api.py:15 | 正在请求圈子detail接口
2026-05-12 13:04:51 | INFO    | api.py:17 | 成功获取圈子帖子列表
2026-05-12 13:05:35 | INFO    | api.py:15 | 正在请求圈子detail接口
2026-05-12 13:05:35 | INFO    | api.py:17 | 成功获取圈子帖子列表
2026-05-12 13:05:56 | INFO    | api.py:15 | 正在请求圈子detail接口
2026-05-12 13:05:56 | INFO    | api.py:17 | 成功获取圈子帖子列表
2026-05-12 13:08:48 | INFO    | api.py:15 | 正在请求圈子detail接口
2026-05-12 13:08:48 | INFO    | api.py:17 | 成功获取圈子帖子列表
2026-05-12 13:32:11 | INFO    | api.py:15 | 正在请求圈子detail接口
2026-05-12 13:32:11 | INFO    | api.py:17 | 成功获取圈子帖子列表
2026-05-12 13:37:34 | INFO    | api.py:15 | 正在请求圈子detail接口
2026-05-12 13:37:36 | INFO    | api.py:17 | 成功获取圈子帖子列表
2026-05-12 13:40:12 | ERROR   | ai_client.py:131 | JSON 解析失败
Traceback (most recent call last):
  File "/Users/kemaomao/Documents/zhihu_circle_monitor/server/ai_client.py", line 109, in analyze_zhihu_posts_stream
    ai_result = json.loads(ai_json_buffer)
  File "/Users/kemaomao/.local/share/uv/python/cpython-3.14.4-macos-aarch64-none/lib/python3.14/json/__init__.py", line 352, in loads
    return _default_decoder.decode(s)
           ~~~~~~~~~~~~~~~~~~~~~~~^^^
  File "/Users/kemaomao/.local/share/uv/python/cpython-3.14.4-macos-aarch64-none/lib/python3.14/json/decoder.py", line 345, in decode
    obj, end = self.raw_decode(s, idx=_w(s, 0).end())
               ~~~~~~~~~~~~~~~^^^^^^^^^^^^^^^^^^^^^^^
  File "/Users/kemaomao/.local/share/uv/python/cpython-3.14.4-macos-aarch64-none/lib/python3.14/json/decoder.py", line 361, in raw_decode
    obj, end = self.scan_once(s, idx)
               ~~~~~~~~~~~~~~^^^^^^^^
json.decoder.JSONDecodeError: Expecting property name enclosed in double quotes: line 4 column 8 (char 45)
2026-05-12 13:40:12 | ERROR   | ai_client.py:131 | JSON 解析失败
Traceback (most recent call last):
  File "/Users/kemaomao/Documents/zhihu_circle_monitor/server/ai_client.py", line 109, in analyze_zhihu_posts_stream
    ai_result = json.loads(ai_json_buffer)
  File "/Users/kemaomao/.local/share/uv/python/cpython-3.14.4-macos-aarch64-none/lib/python3.14/json/__init__.py", line 352, in loads
    return _default_decoder.decode(s)
           ~~~~~~~~~~~~~~~~~~~~~~~^^^
  File "/Users/kemaomao/.local/share/uv/python/cpython-3.14.4-macos-aarch64-none/lib/python3.14/json/decoder.py", line 345, in decode
    obj, end = self.raw_decode(s, idx=_w(s, 0).end())
               ~~~~~~~~~~~~~~~^^^^^^^^^^^^^^^^^^^^^^^
  File "/Users/kemaomao/.local/share/uv/python/cpython-3.14.4-macos-aarch64-none/lib/python3.14/json/decoder.py", line 363, in raw_decode
    raise JSONDecodeError("Expecting value", s, err.value) from None
json.decoder.JSONDecodeError: Expecting value: line 1 column 1 (char 0)
2026-05-12 13:40:12 | ERROR   | ai_client.py:131 | JSON 解析失败
Traceback (most recent call last):
  File "/Users/kemaomao/Documents/zhihu_circle_monitor/server/ai_client.py", line 109, in analyze_zhihu_posts_stream
    ai_result = json.loads(ai_json_buffer)
  File "/Users/kemaomao/.local/share/uv/python/cpython-3.14.4-macos-aarch64-none/lib/python3.14/json/__init__.py", line 352, in loads
    return _default_decoder.decode(s)
           ~~~~~~~~~~~~~~~~~~~~~~~^^^
  File "/Users/kemaomao/.local/share/uv/python/cpython-3.14.4-macos-aarch64-none/lib/python3.14/json/decoder.py", line 345, in decode
    obj, end = self.raw_decode(s, idx=_w(s, 0).end())
               ~~~~~~~~~~~~~~~^^^^^^^^^^^^^^^^^^^^^^^
  File "/Users/kemaomao/.local/share/uv/python/cpython-3.14.4-macos-aarch64-none/lib/python3.14/json/decoder.py", line 363, in raw_decode
    raise JSONDecodeError("Expecting value", s, err.value) from None
json.decoder.JSONDecodeError: Expecting value: line 1 column 1 (char 0)
2026-05-12 13:40:12 | ERROR   | ai_client.py:131 | JSON 解析失败
Traceback (most recent call last):
  File "/Users/kemaomao/Documents/zhihu_circle_monitor/server/ai_client.py", line 109, in analyze_zhihu_posts_stream
    ai_result = json.loads(ai_json_buffer)
  File "/Users/kemaomao/.local/share/uv/python/cpython-3.14.4-macos-aarch64-none/lib/python3.14/json/__init__.py", line 352, in loads
    return _default_decoder.decode(s)
           ~~~~~~~~~~~~~~~~~~~~~~~^^^
  File "/Users/kemaomao/.local/share/uv/python/cpython-3.14.4-macos-aarch64-none/lib/python3.14/json/decoder.py", line 345, in decode
    obj, end = self.raw_decode(s, idx=_w(s, 0).end())
               ~~~~~~~~~~~~~~~^^^^^^^^^^^^^^^^^^^^^^^
  File "/Users/kemaomao/.local/share/uv/python/cpython-3.14.4-macos-aarch64-none/lib/python3.14/json/decoder.py", line 363, in raw_decode
    raise JSONDecodeError("Expecting value", s, err.value) from None
json.decoder.JSONDecodeError: Expecting value: line 1 column 1 (char 0)
2026-05-12 13:40:12 | ERROR   | ai_client.py:131 | JSON 解析失败
Traceback (most recent call last):
  File "/Users/kemaomao/Documents/zhihu_circle_monitor/server/ai_client.py", line 109, in analyze_zhihu_posts_stream
    ai_result = json.loads(ai_json_buffer)
  File "/Users/kemaomao/.local/share/uv/python/cpython-3.14.4-macos-aarch64-none/lib/python3.14/json/__init__.py", line 352, in loads
    return _default_decoder.decode(s)
           ~~~~~~~~~~~~~~~~~~~~~~~^^^
  File "/Users/kemaomao/.local/share/uv/python/cpython-3.14.4-macos-aarch64-none/lib/python3.14/json/decoder.py", line 345, in decode
    obj, end = self.raw_decode(s, idx=_w(s, 0).end())
               ~~~~~~~~~~~~~~~^^^^^^^^^^^^^^^^^^^^^^^
  File "/Users/kemaomao/.local/share/uv/python/cpython-3.14.4-macos-aarch64-none/lib/python3.14/json/decoder.py", line 363, in raw_decode
    raise JSONDecodeError("Expecting value", s, err.value) from None
json.decoder.JSONDecodeError: Expecting value: line 1 column 1 (char 0)
2026-05-12 13:41:56 | INFO    | api.py:15 | 正在请求圈子detail接口
2026-05-12 13:41:57 | INFO    | api.py:17 | 成功获取圈子帖子列表
2026-05-12 13:42:03 | ERROR   | ai_client.py:131 | JSON 解析失败
Traceback (most recent call last):
  File "/Users/kemaomao/Documents/zhihu_circle_monitor/server/ai_client.py", line 109, in analyze_zhihu_posts_stream
    ai_result = json.loads(ai_json_buffer)
  File "/Users/kemaomao/.local/share/uv/python/cpython-3.14.4-macos-aarch64-none/lib/python3.14/json/__init__.py", line 352, in loads
    return _default_decoder.decode(s)
           ~~~~~~~~~~~~~~~~~~~~~~~^^^
  File "/Users/kemaomao/.local/share/uv/python/cpython-3.14.4-macos-aarch64-none/lib/python3.14/json/decoder.py", line 345, in decode
    obj, end = self.raw_decode(s, idx=_w(s, 0).end())
               ~~~~~~~~~~~~~~~^^^^^^^^^^^^^^^^^^^^^^^
  File "/Users/kemaomao/.local/share/uv/python/cpython-3.14.4-macos-aarch64-none/lib/python3.14/json/decoder.py", line 363, in raw_decode
    raise JSONDecodeError("Expecting value", s, err.value) from None
json.decoder.JSONDecodeError: Expecting value: line 1 column 1 (char 0)
2026-05-12 13:42:03 | ERROR   | ai_client.py:131 | JSON 解析失败
Traceback (most recent call last):
  File "/Users/kemaomao/Documents/zhihu_circle_monitor/server/ai_client.py", line 109, in analyze_zhihu_posts_stream
    ai_result = json.loads(ai_json_buffer)
  File "/Users/kemaomao/.local/share/uv/python/cpython-3.14.4-macos-aarch64-none/lib/python3.14/json/__init__.py", line 352, in loads
    return _default_decoder.decode(s)
           ~~~~~~~~~~~~~~~~~~~~~~~^^^
  File "/Users/kemaomao/.local/share/uv/python/cpython-3.14.4-macos-aarch64-none/lib/python3.14/json/decoder.py", line 345, in decode
    obj, end = self.raw_decode(s, idx=_w(s, 0).end())
               ~~~~~~~~~~~~~~~^^^^^^^^^^^^^^^^^^^^^^^
  File "/Users/kemaomao/.local/share/uv/python/cpython-3.14.4-macos-aarch64-none/lib/python3.14/json/decoder.py", line 363, in raw_decode
    raise JSONDecodeError("Expecting value", s, err.value) from None
json.decoder.JSONDecodeError: Expecting value: line 1 column 1 (char 0)
2026-05-12 13:42:03 | ERROR   | ai_client.py:131 | JSON 解析失败
Traceback (most recent call last):
  File "/Users/kemaomao/Documents/zhihu_circle_monitor/server/ai_client.py", line 109, in analyze_zhihu_posts_stream
    ai_result = json.loads(ai_json_buffer)
  File "/Users/kemaomao/.local/share/uv/python/cpython-3.14.4-macos-aarch64-none/lib/python3.14/json/__init__.py", line 352, in loads
    return _default_decoder.decode(s)
           ~~~~~~~~~~~~~~~~~~~~~~~^^^
  File "/Users/kemaomao/.local/share/uv/python/cpython-3.14.4-macos-aarch64-none/lib/python3.14/json/decoder.py", line 345, in decode
    obj, end = self.raw_decode(s, idx=_w(s, 0).end())
               ~~~~~~~~~~~~~~~^^^^^^^^^^^^^^^^^^^^^^^
  File "/Users/kemaomao/.local/share/uv/python/cpython-3.14.4-macos-aarch64-none/lib/python3.14/json/decoder.py", line 363, in raw_decode
    raise JSONDecodeError("Expecting value", s, err.value) from None
json.decoder.JSONDecodeError: Expecting value: line 1 column 1 (char 0)
2026-05-12 13:42:03 | ERROR   | ai_client.py:131 | JSON 解析失败
Traceback (most recent call last):
  File "/Users/kemaomao/Documents/zhihu_circle_monitor/server/ai_client.py", line 109, in analyze_zhihu_posts_stream
    ai_result = json.loads(ai_json_buffer)
  File "/Users/kemaomao/.local/share/uv/python/cpython-3.14.4-macos-aarch64-none/lib/python3.14/json/__init__.py", line 352, in loads
    return _default_decoder.decode(s)
           ~~~~~~~~~~~~~~~~~~~~~~~^^^
  File "/Users/kemaomao/.local/share/uv/python/cpython-3.14.4-macos-aarch64-none/lib/python3.14/json/decoder.py", line 345, in decode
    obj, end = self.raw_decode(s, idx=_w(s, 0).end())
               ~~~~~~~~~~~~~~~^^^^^^^^^^^^^^^^^^^^^^^
  File "/Users/kemaomao/.local/share/uv/python/cpython-3.14.4-macos-aarch64-none/lib/python3.14/json/decoder.py", line 363, in raw_decode
    raise JSONDecodeError("Expecting value", s, err.value) from None
json.decoder.JSONDecodeError: Expecting value: line 1 column 1 (char 0)
2026-05-12 13:42:03 | ERROR   | ai_client.py:131 | JSON 解析失败
Traceback (most recent call last):
  File "/Users/kemaomao/Documents/zhihu_circle_monitor/server/ai_client.py", line 109, in analyze_zhihu_posts_stream
    ai_result = json.loads(ai_json_buffer)
  File "/Users/kemaomao/.local/share/uv/python/cpython-3.14.4-macos-aarch64-none/lib/python3.14/json/__init__.py", line 352, in loads
    return _default_decoder.decode(s)
           ~~~~~~~~~~~~~~~~~~~~~~~^^^
  File "/Users/kemaomao/.local/share/uv/python/cpython-3.14.4-macos-aarch64-none/lib/python3.14/json/decoder.py", line 345, in decode
    obj, end = self.raw_decode(s, idx=_w(s, 0).end())
               ~~~~~~~~~~~~~~~^^^^^^^^^^^^^^^^^^^^^^^
  File "/Users/kemaomao/.local/share/uv/python/cpython-3.14.4-macos-aarch64-none/lib/python3.14/json/decoder.py", line 363, in raw_decode
    raise JSONDecodeError("Expecting value", s, err.value) from None
json.decoder.JSONDecodeError: Expecting value: line 1 column 1 (char 0)
2026-05-12 13:42:03 | ERROR   | ai_client.py:131 | JSON 解析失败
Traceback (most recent call last):
  File "/Users/kemaomao/Documents/zhihu_circle_monitor/server/ai_client.py", line 109, in analyze_zhihu_posts_stream
    ai_result = json.loads(ai_json_buffer)
  File "/Users/kemaomao/.local/share/uv/python/cpython-3.14.4-macos-aarch64-none/lib/python3.14/json/__init__.py", line 352, in loads
    return _default_decoder.decode(s)
           ~~~~~~~~~~~~~~~~~~~~~~~^^^
  File "/Users/kemaomao/.local/share/uv/python/cpython-3.14.4-macos-aarch64-none/lib/python3.14/json/decoder.py", line 345, in decode
    obj, end = self.raw_decode(s, idx=_w(s, 0).end())
               ~~~~~~~~~~~~~~~^^^^^^^^^^^^^^^^^^^^^^^
  File "/Users/kemaomao/.local/share/uv/python/cpython-3.14.4-macos-aarch64-none/lib/python3.14/json/decoder.py", line 363, in raw_decode
    raise JSONDecodeError("Expecting value", s, err.value) from None
json.decoder.JSONDecodeError: Expecting value: line 1 column 1 (char 0)
2026-05-12 13:42:03 | ERROR   | ai_client.py:131 | JSON 解析失败
Traceback (most recent call last):
  File "/Users/kemaomao/Documents/zhihu_circle_monitor/server/ai_client.py", line 109, in analyze_zhihu_posts_stream
    ai_result = json.loads(ai_json_buffer)
  File "/Users/kemaomao/.local/share/uv/python/cpython-3.14.4-macos-aarch64-none/lib/python3.14/json/__init__.py", line 352, in loads
    return _default_decoder.decode(s)
           ~~~~~~~~~~~~~~~~~~~~~~~^^^
  File "/Users/kemaomao/.local/share/uv/python/cpython-3.14.4-macos-aarch64-none/lib/python3.14/json/decoder.py", line 345, in decode
    obj, end = self.raw_decode(s, idx=_w(s, 0).end())
               ~~~~~~~~~~~~~~~^^^^^^^^^^^^^^^^^^^^^^^
  File "/Users/kemaomao/.local/share/uv/python/cpython-3.14.4-macos-aarch64-none/lib/python3.14/json/decoder.py", line 363, in raw_decode
    raise JSONDecodeError("Expecting value", s, err.value) from None
json.decoder.JSONDecodeError: Expecting value: line 1 column 1 (char 0)
2026-05-12 13:43:42 | INFO    | api.py:15 | 正在请求圈子detail接口
2026-05-12 13:43:43 | INFO    | api.py:17 | 成功获取圈子帖子列表
2026-05-12 13:43:49 | ERROR   | ai_client.py:131 | JSON 解析失败
Traceback (most recent call last):
  File "/Users/kemaomao/Documents/zhihu_circle_monitor/server/ai_client.py", line 109, in analyze_zhihu_posts_stream
    ai_result = json.loads(ai_json_buffer)
  File "/Users/kemaomao/.local/share/uv/python/cpython-3.14.4-macos-aarch64-none/lib/python3.14/json/__init__.py", line 352, in loads
    return _default_decoder.decode(s)
           ~~~~~~~~~~~~~~~~~~~~~~~^^^
  File "/Users/kemaomao/.local/share/uv/python/cpython-3.14.4-macos-aarch64-none/lib/python3.14/json/decoder.py", line 345, in decode
    obj, end = self.raw_decode(s, idx=_w(s, 0).end())
               ~~~~~~~~~~~~~~~^^^^^^^^^^^^^^^^^^^^^^^
  File "/Users/kemaomao/.local/share/uv/python/cpython-3.14.4-macos-aarch64-none/lib/python3.14/json/decoder.py", line 363, in raw_decode
    raise JSONDecodeError("Expecting value", s, err.value) from None
json.decoder.JSONDecodeError: Expecting value: line 1 column 1 (char 0)
2026-05-12 13:43:49 | ERROR   | ai_client.py:131 | JSON 解析失败
Traceback (most recent call last):
  File "/Users/kemaomao/Documents/zhihu_circle_monitor/server/ai_client.py", line 109, in analyze_zhihu_posts_stream
    ai_result = json.loads(ai_json_buffer)
  File "/Users/kemaomao/.local/share/uv/python/cpython-3.14.4-macos-aarch64-none/lib/python3.14/json/__init__.py", line 352, in loads
    return _default_decoder.decode(s)
           ~~~~~~~~~~~~~~~~~~~~~~~^^^
  File "/Users/kemaomao/.local/share/uv/python/cpython-3.14.4-macos-aarch64-none/lib/python3.14/json/decoder.py", line 345, in decode
    obj, end = self.raw_decode(s, idx=_w(s, 0).end())
               ~~~~~~~~~~~~~~~^^^^^^^^^^^^^^^^^^^^^^^
  File "/Users/kemaomao/.local/share/uv/python/cpython-3.14.4-macos-aarch64-none/lib/python3.14/json/decoder.py", line 363, in raw_decode
    raise JSONDecodeError("Expecting value", s, err.value) from None
json.decoder.JSONDecodeError: Expecting value: line 1 column 1 (char 0)
2026-05-12 13:43:49 | ERROR   | ai_client.py:131 | JSON 解析失败
Traceback (most recent call last):
  File "/Users/kemaomao/Documents/zhihu_circle_monitor/server/ai_client.py", line 109, in analyze_zhihu_posts_stream
    ai_result = json.loads(ai_json_buffer)
  File "/Users/kemaomao/.local/share/uv/python/cpython-3.14.4-macos-aarch64-none/lib/python3.14/json/__init__.py", line 352, in loads
    return _default_decoder.decode(s)
           ~~~~~~~~~~~~~~~~~~~~~~~^^^
  File "/Users/kemaomao/.local/share/uv/python/cpython-3.14.4-macos-aarch64-none/lib/python3.14/json/decoder.py", line 345, in decode
    obj, end = self.raw_decode(s, idx=_w(s, 0).end())
               ~~~~~~~~~~~~~~~^^^^^^^^^^^^^^^^^^^^^^^
  File "/Users/kemaomao/.local/share/uv/python/cpython-3.14.4-macos-aarch64-none/lib/python3.14/json/decoder.py", line 363, in raw_decode
    raise JSONDecodeError("Expecting value", s, err.value) from None
json.decoder.JSONDecodeError: Expecting value: line 1 column 1 (char 0)
2026-05-12 13:43:49 | ERROR   | ai_client.py:131 | JSON 解析失败
Traceback (most recent call last):
  File "/Users/kemaomao/Documents/zhihu_circle_monitor/server/ai_client.py", line 109, in analyze_zhihu_posts_stream
    ai_result = json.loads(ai_json_buffer)
  File "/Users/kemaomao/.local/share/uv/python/cpython-3.14.4-macos-aarch64-none/lib/python3.14/json/__init__.py", line 352, in loads
    return _default_decoder.decode(s)
           ~~~~~~~~~~~~~~~~~~~~~~~^^^
  File "/Users/kemaomao/.local/share/uv/python/cpython-3.14.4-macos-aarch64-none/lib/python3.14/json/decoder.py", line 345, in decode
    obj, end = self.raw_decode(s, idx=_w(s, 0).end())
               ~~~~~~~~~~~~~~~^^^^^^^^^^^^^^^^^^^^^^^
  File "/Users/kemaomao/.local/share/uv/python/cpython-3.14.4-macos-aarch64-none/lib/python3.14/json/decoder.py", line 363, in raw_decode
    raise JSONDecodeError("Expecting value", s, err.value) from None
json.decoder.JSONDecodeError: Expecting value: line 1 column 1 (char 0)
2026-05-12 13:43:49 | ERROR   | ai_client.py:131 | JSON 解析失败
Traceback (most recent call last):
  File "/Users/kemaomao/Documents/zhihu_circle_monitor/server/ai_client.py", line 109, in analyze_zhihu_posts_stream
    ai_result = json.loads(ai_json_buffer)
  File "/Users/kemaomao/.local/share/uv/python/cpython-3.14.4-macos-aarch64-none/lib/python3.14/json/__init__.py", line 352, in loads
    return _default_decoder.decode(s)
           ~~~~~~~~~~~~~~~~~~~~~~~^^^
  File "/Users/kemaomao/.local/share/uv/python/cpython-3.14.4-macos-aarch64-none/lib/python3.14/json/decoder.py", line 345, in decode
    obj, end = self.raw_decode(s, idx=_w(s, 0).end())
               ~~~~~~~~~~~~~~~^^^^^^^^^^^^^^^^^^^^^^^
  File "/Users/kemaomao/.local/share/uv/python/cpython-3.14.4-macos-aarch64-none/lib/python3.14/json/decoder.py", line 363, in raw_decode
    raise JSONDecodeError("Expecting value", s, err.value) from None
json.decoder.JSONDecodeError: Expecting value: line 1 column 1 (char 0)
2026-05-12 13:43:49 | ERROR   | ai_client.py:131 | JSON 解析失败
Traceback (most recent call last):
  File "/Users/kemaomao/Documents/zhihu_circle_monitor/server/ai_client.py", line 109, in analyze_zhihu_posts_stream
    ai_result = json.loads(ai_json_buffer)
  File "/Users/kemaomao/.local/share/uv/python/cpython-3.14.4-macos-aarch64-none/lib/python3.14/json/__init__.py", line 352, in loads
    return _default_decoder.decode(s)
           ~~~~~~~~~~~~~~~~~~~~~~~^^^
  File "/Users/kemaomao/.local/share/uv/python/cpython-3.14.4-macos-aarch64-none/lib/python3.14/json/decoder.py", line 345, in decode
    obj, end = self.raw_decode(s, idx=_w(s, 0).end())
               ~~~~~~~~~~~~~~~^^^^^^^^^^^^^^^^^^^^^^^
  File "/Users/kemaomao/.local/share/uv/python/cpython-3.14.4-macos-aarch64-none/lib/python3.14/json/decoder.py", line 363, in raw_decode
    raise JSONDecodeError("Expecting value", s, err.value) from None
json.decoder.JSONDecodeError: Expecting value: line 1 column 1 (char 0)
2026-05-12 13:43:49 | ERROR   | ai_client.py:131 | JSON 解析失败
Traceback (most recent call last):
  File "/Users/kemaomao/Documents/zhihu_circle_monitor/server/ai_client.py", line 109, in analyze_zhihu_posts_stream
    ai_result = json.loads(ai_json_buffer)
  File "/Users/kemaomao/.local/share/uv/python/cpython-3.14.4-macos-aarch64-none/lib/python3.14/json/__init__.py", line 352, in loads
    return _default_decoder.decode(s)
           ~~~~~~~~~~~~~~~~~~~~~~~^^^
  File "/Users/kemaomao/.local/share/uv/python/cpython-3.14.4-macos-aarch64-none/lib/python3.14/json/decoder.py", line 345, in decode
    obj, end = self.raw_decode(s, idx=_w(s, 0).end())
               ~~~~~~~~~~~~~~~^^^^^^^^^^^^^^^^^^^^^^^
  File "/Users/kemaomao/.local/share/uv/python/cpython-3.14.4-macos-aarch64-none/lib/python3.14/json/decoder.py", line 363, in raw_decode
    raise JSONDecodeError("Expecting value", s, err.value) from None
json.decoder.JSONDecodeError: Expecting value: line 1 column 1 (char 0)
